# JRE version: OpenJDK Runtime Environment Homebrew (25.0.2) (build 25.0.2)
# Java VM: OpenJDK 64-Bit Server VM Homebrew (25.0.2, mixed mode, sharing, tiered, compressed oops, compressed class ptrs, g1 gc, bsd-aarch64)
GC Precious Log:
 CardTable entry size: 512
 Card Set container configuration: InlinePtr #cards 4 size 8 Array Of Cards #cards 16 size 48 Howl #buckets 8 coarsen threshold 3686 Howl Bitmap #cards 512 size 80 coarsen threshold 460 Card regions per heap region 1 cards per card region 4096
 CPUs: 8 total, 8 available
 Memory: 16384M
 Large Page Support: Disabled
 NUMA Support: Disabled
 Compressed Oops: Enabled (Zero based)
 Heap Region Size: 2M
 Heap Min Capacity: 8M
 Heap Initial Capacity: 256M
 Heap Max Capacity: 4G
 Pre-touch: Disabled
 Parallel Workers: 8
 Concurrent Workers: 2
 Concurrent Refinement Workers: 8
 Periodic GC: Disabled
Heap:
 garbage-first heap   total reserved 4194304K, committed 264192K, used 87951K [0x00000003c0000000, 0x00000004c0000000)
  region size 2048K, 43 young (88064K), 4 survivors (8192K)
GC Heap Usage History (20 events):
Event: 85648.964 {heap Before GC invocations=10 (full 0):
 garbage-first heap   total reserved 4194304K, committed 264192K, used 154417K [0x00000003c0000000, 0x00000004c0000000)
  region size 2048K, 76 young (155648K), 2 survivors (4096K)
}
Event: 85648.970 {heap After GC invocations=11 (full 0):
 garbage-first heap   total reserved 4194304K, committed 264192K, used 12020K [0x00000003c0000000, 0x00000004c0000000)
  region size 2048K, 6 young (12288K), 6 survivors (12288K)
}
Event: 86858.635 {heap Before GC invocations=11 (full 0):
 garbage-first heap   total reserved 4194304K, committed 264192K, used 153332K [0x00000003c0000000, 0x00000004c0000000)
  region size 2048K, 76 young (155648K), 6 survivors (12288K)
}
Event: 86858.645 {heap After GC invocations=12 (full 0):
 garbage-first heap   total reserved 4194304K, committed 264192K, used 14506K [0x00000003c0000000, 0x00000004c0000000)
  region size 2048K, 7 young (14336K), 7 survivors (14336K)
}
Event: 88348.704 {heap Before GC invocations=12 (full 0):
 garbage-first heap   total reserved 4194304K, committed 264192K, used 153770K [0x00000003c0000000, 0x00000004c0000000)
  region size 2048K, 76 young (155648K), 7 survivors (14336K)
}
Event: 88348.716 {heap After GC invocations=13 (full 0):
 garbage-first heap   total reserved 4194304K, committed 264192K, used 14366K [0x00000003c0000000, 0x00000004c0000000)
  region size 2048K, 7 young (14336K), 7 survivors (14336K)
}
Event: 88354.537 {heap Before GC invocations=13 (full 0):
 garbage-first heap   total reserved 4194304K, committed 264192K, used 153630K [0x00000003c0000000, 0x00000004c0000000)
  region size 2048K, 76 young (155648K), 7 survivors (14336K)
}
Event: 88354.542 {heap After GC invocations=14 (full 0):
 garbage-first heap   total reserved 4194304K, committed 264192K, used 10486K [0x00000003c0000000, 0x00000004c0000000)
  region size 2048K, 5 young (10240K), 5 survivors (10240K)
}
Event: 88419.096 {heap Before GC invocations=14 (full 0):
 garbage-first heap   total reserved 4194304K, committed 264192K, used 153846K [0x00000003c0000000, 0x00000004c0000000)
  region size 2048K, 76 young (155648K), 5 survivors (10240K)
}
Event: 88419.099 {heap After GC invocations=15 (full 0):
 garbage-first heap   total reserved 4194304K, committed 264192K, used 5707K [0x00000003c0000000, 0x00000004c0000000)
  region size 2048K, 3 young (6144K), 3 survivors (6144K)
}
Event: 88503.655 {heap Before GC invocations=15 (full 0):
 garbage-first heap   total reserved 4194304K, committed 264192K, used 153163K [0x00000003c0000000, 0x00000004c0000000)
  region size 2048K, 76 young (155648K), 3 survivors (6144K)
}
Event: 88503.660 {heap After GC invocations=16 (full 0):
 garbage-first heap   total reserved 4194304K, committed 264192K, used 8668K [0x00000003c0000000, 0x00000004c0000000)
  region size 2048K, 2 young (4096K), 2 survivors (4096K)
}
Event: 88607.626 {heap Before GC invocations=16 (full 0):
 garbage-first heap   total reserved 4194304K, committed 264192K, used 158172K [0x00000003c0000000, 0x00000004c0000000)
  region size 2048K, 76 young (155648K), 2 survivors (4096K)
}
Event: 88607.630 {heap After GC invocations=17 (full 0):
 garbage-first heap   total reserved 4194304K, committed 264192K, used 11174K [0x00000003c0000000, 0x00000004c0000000)
  region size 2048K, 4 young (8192K), 4 survivors (8192K)
}
Event: 88640.533 {heap Before GC invocations=17 (full 0):
 garbage-first heap   total reserved 4194304K, committed 264192K, used 156582K [0x00000003c0000000, 0x00000004c0000000)
  region size 2048K, 76 young (155648K), 4 survivors (8192K)
}
Event: 88640.535 {heap After GC invocations=18 (full 0):
 garbage-first heap   total reserved 4194304K, committed 264192K, used 10089K [0x00000003c0000000, 0x00000004c0000000)
  region size 2048K, 3 young (6144K), 3 survivors (6144K)
}
Event: 88960.961 {heap Before GC invocations=18 (full 0):
 garbage-first heap   total reserved 4194304K, committed 264192K, used 157545K [0x00000003c0000000, 0x00000004c0000000)
  region size 2048K, 76 young (155648K), 3 survivors (6144K)
}
Event: 88960.967 {heap After GC invocations=19 (full 0):
 garbage-first heap   total reserved 4194304K, committed 264192K, used 13452K [0x00000003c0000000, 0x00000004c0000000)
  region size 2048K, 5 young (10240K), 5 survivors (10240K)
}
Event: 89038.901 {heap Before GC invocations=19 (full 0):
 garbage-first heap   total reserved 4194304K, committed 264192K, used 156812K [0x00000003c0000000, 0x00000004c0000000)
  region size 2048K, 76 young (155648K), 5 survivors (10240K)
}
Event: 89038.904 {heap After GC invocations=20 (full 0):
 garbage-first heap   total reserved 4194304K, committed 264192K, used 12175K [0x00000003c0000000, 0x00000004c0000000)
  region size 2048K, 4 young (8192K), 4 survivors (8192K)
}

